<?xml version="1.0" encoding="UTF-8"?>
<!-- Generated by org.testng.reporters.JUnitReportReporter -->
<testsuite hostname="SandeshPC" failures="0" tests="1" name="com.teststeps.Browse" time="18.603" errors="0" timestamp="2023-01-14T21:37:05 IST" skipped="0">
  <testcase classname="com.teststeps.Browse" name="toVerifyIfCorrectPriceBikesAreShown" time="18.603"/>
  <system-out/>
</testsuite> <!-- com.teststeps.Browse -->
