<?xml version="1.0" encoding="UTF-8"?>
<!-- Generated by org.testng.reporters.JUnitReportReporter -->
<testsuite hostname="SandeshPC" failures="0" tests="1" name="com.teststeps.Browse" time="0.006" errors="0" timestamp="2023-01-14T01:07:58 IST" skipped="0">
  <testcase classname="com.teststeps.Browse" name="m2" time="0.006"/>
  <system-out/>
</testsuite> <!-- com.teststeps.Browse -->
