<?xml version="1.0" encoding="UTF-8"?>
<!-- Generated by org.testng.reporters.JUnitReportReporter -->
<testsuite hostname="SandeshPC" failures="0" tests="1" name="com.teststeps.Browse" time="5.266" errors="0" timestamp="2023-01-15T22:19:13 IST" skipped="0">
  <testcase classname="com.teststeps.Browse" name="toVerifyIfCorrectBrandBikesAreDisplayed" time="5.266"/>
  <system-out/>
</testsuite> <!-- com.teststeps.Browse -->
