<?xml version="1.0" encoding="UTF-8"?>
<!-- Generated by org.testng.reporters.JUnitReportReporter -->
<testsuite hostname="Asus" failures="0" tests="1" name="com.teststeps.Browse" time="10.238" errors="0" timestamp="2023-01-14T12:18:24 IST" skipped="0">
  <testcase classname="com.teststeps.Browse" name="toVerifyIfCorrectBrandBikesAreDisplayed" time="10.238"/>
  <system-out/>
</testsuite> <!-- com.teststeps.Browse -->
