<?xml version="1.0" encoding="UTF-8"?>
<!-- Generated by org.testng.reporters.JUnitReportReporter -->
<testsuite hostname="Asus" failures="0" tests="1" name="com.teststeps.Browse" time="28.388" errors="0" timestamp="2023-01-16T13:04:34 IST" skipped="0">
  <testcase classname="com.teststeps.Browse" name="toVerifyIfCorrectPriceBikesAreShown" time="28.388"/>
  <system-out/>
</testsuite> <!-- com.teststeps.Browse -->
