<?xml version="1.0" encoding="UTF-8"?>
<!-- Generated by org.testng.reporters.JUnitReportReporter -->
<testsuite hostname="SandeshPC" failures="0" tests="1" name="com.teststeps.Browse" time="4.621" errors="0" timestamp="2023-01-14T08:08:46 IST" skipped="0">
  <testcase classname="com.teststeps.Browse" name="m2" time="4.621"/>
  <system-out/>
</testsuite> <!-- com.teststeps.Browse -->
