<?xml version="1.0" encoding="UTF-8"?>
<!-- Generated by org.testng.reporters.JUnitReportReporter -->
<testsuite hostname="SandeshPC" failures="0" tests="1" name="com.teststeps.Browse" time="2.888" errors="0" timestamp="2023-01-14T13:54:56 IST" skipped="0">
  <testcase classname="com.teststeps.Browse" name="toVerifyIfCorrectPriceBikesAreShown" time="2.888"/>
  <system-out/>
</testsuite> <!-- com.teststeps.Browse -->
